<?xml version="1.0" encoding="UTF-8" ?>
<testsuite errors="0" failures="0" hostname="Larppa-PC" name="Tietorakenteet.MinimikekoTest" tests="6" time="0.072" timestamp="2013-06-15T16:34:03">
  <properties>
[...]
</properties>
  <testcase classname="Tietorakenteet.MinimikekoTest" name="testInsert" time="0.0030" />
  <testcase classname="Tietorakenteet.MinimikekoTest" name="testRemoveMin" time="0.0" />
  <testcase classname="Tietorakenteet.MinimikekoTest" name="testLaskeArvoa" time="0.0" />
  <testcase classname="Tietorakenteet.MinimikekoTest" name="testHeapify" time="0.021" />
  <testcase classname="Tietorakenteet.MinimikekoTest" name="testIsEmpty" time="0.0" />
  <testcase classname="Tietorakenteet.MinimikekoTest" name="testSwap" time="0.0" />
  <system-out><![CDATA[insert
removeMin
laskeArvoa
heapify 
30
57
33
208
148
450
229
311
529
234
406
702
588
461
366
784
1186
898
1002
1302
353
826
838
1392
785
1817
1075
2823
2621
860
2013
2146
991
3517
2649
1872
945
1563
2189
2163
1626
1176
682
3187
1126
1262
1725
1500
3288
1695
1538
1822
2028
2223
2147
4213
3735
3536
2786
2613
2060
2474
2172
3757
4312
6370
3412
3829
5277
2950
2804
3940
4361
2233
2131
3785
2088
4110
2376
3583
5456
2190
2705
3336
1237
712
5116
4399
3423
2485
4390
1705
4938
2396
1812
7713
1556
5418
4480
1905
6878
6514
3967
3191
1857
5154
2860
3376
2976
4962
3942
6959
5056
16665
6683
3615
8659
3580
3830
6048
2736
3283
7070
2589
4413
2803
5216
5971
13716
9931
13127
10075
8255
4328
4008
7590
4779
9204
10804
3426
9257
8906
10050
4449
4952
6741
5388
4047
3838
4595
4894
9312
10539
2276
7335
7257
5536
5602
12327
10262
3694
5850
14584
2262
9368
9819
9216
3357
4170
3265
8760
5143
8185
6062
8536
10408
6528
6438
4374
2787
2681
10686
7056
8836
3480
9657
9593
2785
6765
5034
2466
9702
9495
3261
4939
12272
10086
6965
6440
2261
13037
11471
14777
8435
6583
12881
8764
3278
4093
7310
6317
12488
13358
9118
3935
4124
7347
10898
6702
6251
15192
5251
5259
8484
11421
6362
7949
16775
18932
6987
9102
6817
6895
9463
10045
7499
5548
11097
9188
11655
6619
7510
3009
5535
17162
11619
9487
4877
9662
6367
17592
10712
7979
18510
9602
13097
18433
15788
15326
12866
10021
14315
19509
11205
16521
12537
12004
6110
13932
16873
15707
9661
13327
9972
15306
18336
11326
14070
15725
12589
6884
12637
12866
14645
11091
14157
16692
13110
11566
12709
8691
19093
8648
16162
14322
17317
14270
4899
19379
15344
16384
15044
10646
16917
12711
17553
15898
12534
12076
16600
19833
12173
9160
18515
14231
16490
17266
14495
14383
16806
12652
10085
18819
10162
16947
19017
17359
3471
5414
13377
19958
17783
9852
9748
13265
18699
16813
12370
12098
16923
15815
9397
10271
12591
15557
15026
16793
14644
18462
16292
10355
18462
13353
8804
11697
17472
15785
5705
16448
7002
14760
7072
12282
17896
14502
13036
8559
14355
16880
7227
8311
19504
13894
17059
10959
15987
18206
11691
16541
5387
9749
14317
10007
16692
15742
10788
16002
4601
9525
9493
16791
16502
19709
17168
13271
16721
15003
15132
9429
5119
17051
13758
18509
13081
14266
16688
17925
8598
14437
19390
13379
13632
15285
9494
16603
9406
11931
7357
11450
14047
10650
18694
17006
13683
19909
17317
15436
17482
11645
13509
19573
4481
6584
8329
13914
11242
16280
13490
9107
7555
8295
16907
15195
8376
10924
6827
13328
11132
14453
14061
15045
11149
16564
9152
17771
17831
18185
19517
19488
9861
13744
13987
16497
16396
17340
19440
14164
19614
12805
11165
12751
14172
14890
18671
7804
12142
14756
9702
18332
15601
18888
11037
18031
14482
13019
4077
18249
5745
14641
17600
19794
18807
18161
14477
17929
10098
17191
19217
19477
isEmpty
swap
]]></system-out>
  <system-err><![CDATA[]]></system-err>
</testsuite>
